app/proguard-rules.pro
-keep class com.localllm.server.data.** { *; }
-keep class com.localllm.server.service.** { *; }
-dontwarn com.localllm.server.**