app/build/outputs/mapping/release/seeds.txt
com.localllm.server.data.ModelManager
com.localllm.server.service.ServerProcessManager$startServer$3
com.localllm.server.service.DaemonProxy$start$1$1
com.localllm.server.ui.MainActivity
com.localllm.server.data.ModelInfo
com.localllm.server.service.DaemonProxyService
com.localllm.server.data.ModelManager$listModels$$inlined$sortedBy$1
com.localllm.server.service.DaemonProxy$start$2
com.localllm.server.service.DaemonProxy
com.localllm.server.service.ServerProcessManager
com.localllm.server.service.DaemonProxy$start$1$1$2
com.localllm.server.service.DaemonProxy$start$1
com.localllm.server.service.ServerProcessManager$startServer$3$1$1$1
com.localllm.server.service.DaemonProxy$start$1$1$1
com.localllm.server.service.LlamaServerService
com.localllm.server.service.ServerProcessManager$startServer$4
com.localllm.server.service.DaemonProxy$start$1$1$1: java.net.Socket $backend
com.localllm.server.service.ServerProcessManager: com.localllm.server.service.ServerProcessManager INSTANCE
com.localllm.server.data.ModelInfo: java.lang.String name
com.localllm.server.service.DaemonProxy$start$1$1$1: java.net.Socket $client
com.localllm.server.service.ServerProcessManager: kotlin.jvm.functions.Function0 onExitCallback
com.localllm.server.service.ServerProcessManager: boolean isRunning
com.localllm.server.service.DaemonProxy: com.localllm.server.service.DaemonProxy INSTANCE
com.localllm.server.data.ModelManager: java.lang.String KEY_URI_MODELS
com.localllm.server.service.DaemonProxy: java.util.concurrent.atomic.AtomicLong lastActiveTime
com.localllm.server.service.DaemonProxy: boolean isEnabled
com.localllm.server.service.ServerProcessManager: kotlin.jvm.functions.Function1 logCallback
com.localllm.server.data.ModelInfo: long sizeMb
com.localllm.server.service.ServerProcessManager$startServer$4: com.localllm.server.service.ServerProcessManager$startServer$4 INSTANCE
com.localllm.server.data.ModelManager: com.localllm.server.data.ModelManager INSTANCE
com.localllm.server.service.DaemonProxy$start$1$1$2: java.net.Socket $backend
com.localllm.server.service.DaemonProxy$start$2: android.content.Context $context
com.localllm.server.data.ModelInfo: boolean isUri
com.localllm.server.data.ModelInfo: java.lang.String path
com.localllm.server.service.DaemonProxy$start$1$1: java.net.Socket $client
com.localllm.server.service.ServerProcessManager: int currentPort
com.localllm.server.service.DaemonProxy$start$1: java.lang.String $modelPath
com.localllm.server.service.DaemonProxy$start$1: android.content.Context $context
com.localllm.server.service.DaemonProxy: java.net.ServerSocket serverSocket
com.localllm.server.data.ModelManager: java.lang.String PREFS_NAME
com.localllm.server.service.ServerProcessManager$startServer$3: com.localllm.server.service.ServerProcessManager$startServer$3 INSTANCE
com.localllm.server.service.ServerProcessManager$startServer$3$1$1$1: com.localllm.server.service.ServerProcessManager$startServer$3$1$1$1 INSTANCE
com.localllm.server.service.ServerProcessManager: android.os.ParcelFileDescriptor currentPfd
com.localllm.server.service.DaemonProxy$start$1$1$2: java.net.Socket $client
com.localllm.server.service.ServerProcessManager: java.lang.Process process
com.localllm.server.service.ServerProcessManager$startServer$3: void invoke()
com.localllm.server.service.DaemonProxy: DaemonProxy()
com.localllm.server.service.DaemonProxyService: android.os.IBinder onBind(android.content.Intent)
com.localllm.server.data.ModelInfo: ModelInfo(java.lang.String,java.lang.String,long,boolean)
com.localllm.server.data.ModelInfo: java.lang.String getName()
com.localllm.server.data.ModelInfo: java.lang.String toString()
com.localllm.server.service.DaemonProxyService: DaemonProxyService()
com.localllm.server.service.DaemonProxy$start$1$1: DaemonProxy$start$1$1(java.net.Socket)
com.localllm.server.service.ServerProcessManager: void stopServer()
com.localllm.server.service.ServerProcessManager: java.lang.Process access$getProcess$p()
...
androidx.appcompat.widget.AppCompatAutoCompleteTextView: void setBackgroundResource(int)
androidx.core.view.ViewCompat$Api29Impl: void setContentCaptureSession(android.view.View,androidx.core.view.contentcapture.ContentCaptureSessionCompat)
androidx.core.view.ViewCompat$Api28Impl: void setScreenReaderFocusable(android.view.View,boolean)
androidx.core.view.ViewCompat$Api30Impl: androidx.core.view.WindowInsetsControllerCompat getWindowInsetsController(android.view.View)
com.google.android.material.transformation.FabTransformationBehavior: FabTransformationBehavior()
androidx.appcompat.widget.AppCompatImageView: void setImageDrawable(android.graphics.drawable.Drawable)
androidx.constraintlayout.widget.VirtualLayout: void setElevation(float)
androidx.appcompat.widget.Toolbar: int getContentInsetLeft()
androidx.activity.Api34Impl: android.window.BackEvent createOnBackEvent(float,float,float,int)
androidx.core.view.ViewCompat$Api28Impl: java.lang.Object requireViewById(android.view.View,int)
com.google.android.material.button.MaterialButton: int getInsetTop()
androidx.recyclerview.widget.RecyclerView: void setNestedScrollingEnabled(boolean)
androidx.appcompat.widget.SearchView$Api29Impl: void refreshAutoCompleteResults(android.widget.AutoCompleteTextView)
androidx.core.view.WindowInsetsCompat$BuilderImpl: WindowInsetsCompat$BuilderImpl(androidx.core.view.WindowInsetsCompat)
androidx.lifecycle.ProcessLifecycleOwner$attach$1: ProcessLifecycleOwner$attach$1(androidx.lifecycle.ProcessLifecycleOwner)
com.google.android.material.chip.Chip: android.graphics.Rect getCloseIconTouchBoundsInt()
androidx.core.content.ContextCompat$Api21Impl: android.graphics.drawable.Drawable getDrawable(android.content.Context,int)
com.google.android.material.button.MaterialButton: void setCornerRadius(int)
androidx.core.widget.TextViewCompat$Api23Impl: int getHyphenationFrequency(android.widget.TextView)
androidx.appcompat.widget.SwitchCompat: void setThumbTintMode(android.graphics.PorterDuff$Mode)
androidx.vectordrawable.graphics.drawable.VectorDrawableCompat$VFullPath: int getStrokeColor()
androidx.appcompat.widget.AppCompatTextView: void setTextFuture(java.util.concurrent.Future)
androidx.appcompat.widget.AppCompatRadioButton: android.graphics.PorterDuff$Mode getSupportBackgroundTintMode()
androidx.appcompat.widget.ContentFrameLayout: android.util.TypedValue getFixedWidthMajor()
androidx.core.graphics.Insets$Api29Impl: android.graphics.Insets of(int,int,int,int)
androidx.vectordrawable.graphics.drawable.VectorDrawableCompat$VFullPath: float getTrimPathOffset()
androidx.coordinatorlayout.widget.CoordinatorLayout: int getNestedScrollAxes()
com.google.android.material.search.SearchBar$ScrollingViewBehavior: SearchBar$ScrollingViewBehavior()
androidx.appcompat.widget.AppCompatRadioButton: void setSupportButtonTintList(android.content.res.ColorStateList)
androidx.appcompat.widget.DropDownListView$Api21Impl: void drawableHotspotChanged(android.view.View,float,float)
androidx.appcompat.widget.AppCompatTextView: void setSupportCompoundDrawablesTintMode(android.graphics.PorterDuff$Mode)
androidx.appcompat.widget.AppCompatRadioButton: android.graphics.PorterDuff$Mode getSupportCompoundDrawablesTintMode()
androidx.appcompat.widget.AppCompatImageButton: android.content.res.ColorStateList getSupportBackgroundTintList()
androidx.appcompat.widget.AppCompatCheckBox: void setSupportButtonTintList(android.content.res.ColorStateList)
androidx.constraintlayout.helper.widget.Flow: void setHorizontalAlign(int)
androidx.core.widget.TextViewCompat$Api24Impl: android.icu.text.DecimalFormatSymbols getInstance(java.util.Locale)
androidx.appcompat.widget.Toolbar: void setNavigationContentDescription(java.lang.CharSequence)
com.google.android.material.textfield.TextInputLayout: android.graphics.drawable.Drawable getErrorIconDrawable()