app/build/outputs/mapping/release/mapping.txt
# compiler: R8
# compiler_version: 8.5.27
# min_api: 29
# common_typos_disable
# {"id":"com.android.tools.r8.mapping","version":"2.2"}
# pg_map_id: a25131a
# pg_map_hash: SHA-256 a25131a5a06c0c20b29f88da17275a4b0b83a36c4db5d8c52b2178015b50ffd8
com.localllm.server.data.ModelInfo -> com.localllm.server.data.ModelInfo:
# {"id":"sourceFile","fileName":"ModelManager.kt"}
    1:1:void <init>(java.lang.String,java.lang.String,long,boolean):8:8 -> <init>
    2:2:void <init>(java.lang.String,java.lang.String,long,boolean,int,kotlin.jvm.internal.DefaultConstructorMarker):8:8 -> <init>
      # {"id":"com.android.tools.r8.residualsignature","signature":"(Ljava/lang/String;Ljava/lang/String;JZILU0/c;)V"}
    0:2:java.lang.String getName():8:8 -> getName
    0:2:java.lang.String getPath():8:8 -> getPath
    0:2:long getSizeMb():8:8 -> getSizeMb
    0:2:boolean isUri():8:8 -> isUri
com.localllm.server.data.ModelManager -> com.localllm.server.data.ModelManager:
# {"id":"sourceFile","fileName":"ModelManager.kt"}
    0:4:boolean $r8$lambda$HQEmJpDxaI4R9m-ChQ9VXjFH04s(java.io.File):0:0 -> a
      # {"id":"com.android.tools.r8.synthesized"}
    10:16:void addUriModel(android.content.Context,android.net.Uri):72:72 -> addUriModel
    17:26:void addUriModel(android.content.Context,android.net.Uri):73:73 -> addUriModel
    27:32:java.util.Set kotlin.collections.CollectionsKt___CollectionsKt.toMutableSet(java.lang.Iterable):1696:1696 -> addUriModel
    27:32:void addUriModel(android.content.Context,android.net.Uri):73 -> addUriModel
    33:37:void addUriModel(android.content.Context,android.net.Uri):73:73 -> addUriModel
    38:44:void addUriModel(android.content.Context,android.net.Uri):74:74 -> addUriModel
    45:56:void addUriModel(android.content.Context,android.net.Uri):75:75 -> addUriModel
    5:16:java.io.File getModelsDir(android.content.Context):15:15 -> getModelsDir
    17:22:java.io.File getModelsDir(android.content.Context):16:16 -> getModelsDir
    23:26:java.io.File getModelsDir(android.content.Context):17:17 -> getModelsDir
    7:11:java.util.List listModels(android.content.Context):23:23 -> listModels
    12:15:java.util.List listModels(android.content.Context):26:26 -> listModels
    16:29:boolean listModels$lambda$0(java.io.File):27:27 -> listModels
    16:29:java.util.List listModels(android.content.Context):27 -> listModels
com.localllm.server.data.ModelManager$$ExternalSyntheticLambda0 -> I0.a:
# {"id":"sourceFile","fileName":"R8$$SyntheticClass"}
# {"id":"com.android.tools.r8.synthesized"}
    0:4:boolean I0.ModelManager$$ExternalSyntheticLambda0.accept(java.io.File):0:0 -> accept
      # {"id":"com.android.tools.r8.synthesized"}
com.localllm.server.data.ModelManager$listModels$$inlined$sortedBy$1 -> com.localllm.server.data.ModelManager$listModels$$inlined$sortedBy$1:
# {"id":"sourceFile","fileName":"Comparisons.kt"}
    0:1:int kotlin.comparisons.ComparisonsKt__ComparisonsKt$compareBy$2.compare(java.lang.Object,java.lang.Object):102:102 -> compare
    0:1:int compare(java.lang.Object,java.lang.Object):102 -> compare
    2:5:java.util.List com.localllm.server.data.ModelManager.listModels(android.content.Context):68:68 -> compare
    2:5:int compare(java.lang.Object,java.lang.Object):329 -> compare
    6:7:int kotlin.comparisons.ComparisonsKt__ComparisonsKt$compareBy$2.compare(java.lang.Object,java.lang.Object):102:102 -> compare
    6:7:int compare(java.lang.Object,java.lang.Object):102 -> compare
    8:23:java.util.List com.localllm.server.data.ModelManager.listModels(android.content.Context):68:68 -> compare
    8:23:int compare(java.lang.Object,java.lang.Object):329 -> compare
    24:28:int kotlin.comparisons.ComparisonsKt__ComparisonsKt.compareValues(java.lang.Comparable,java.lang.Comparable):78:78 -> compare
    24:28:int compare(java.lang.Object,java.lang.Object):102 -> compare
...
androidx.core.provider.FontsContractCompat$FontRequestCallback -> R8$$REMOVED$$CLASS$$36:
# {"id":"sourceFile","fileName":"FontsContractCompat.java"}
androidx.core.provider.RequestExecutor -> R8$$REMOVED$$CLASS$$38:
# {"id":"sourceFile","fileName":"RequestExecutor.java"}
androidx.core.provider.RequestExecutor$DefaultThreadFactory -> G.m:
# {"id":"sourceFile","fileName":"RequestExecutor.java"}
    java.lang.String mThreadName -> a
    int mPriority -> b
    0:9:java.lang.Thread newThread(java.lang.Runnable):171:171 -> newThread
androidx.core.provider.RequestExecutor$DefaultThreadFactory$ProcessPriorityThread -> G.l:
# {"id":"sourceFile","fileName":"RequestExecutor.java"}
    int mPriority -> a
    0:2:void <init>(java.lang.Runnable,java.lang.String,int):178:178 -> <init>
    3:5:void <init>(java.lang.Runnable,java.lang.String,int):179:179 -> <init>
    0:4:void run():184:184 -> run
    5:8:void run():185:185 -> run
androidx.core.provider.RequestExecutor$ReplyRunnable -> G.n:
# {"id":"sourceFile","fileName":"RequestExecutor.java"}
    int G.RequestExecutor$ReplyRunnable.$r8$classId -> a
      # {"id":"com.android.tools.r8.synthesized"}
    java.util.concurrent.Callable mCallable -> b
      # {"id":"com.android.tools.r8.residualsignature","signature":"Ljava/lang/Object;"}
    androidx.core.util.Consumer mConsumer -> c
      # {"id":"com.android.tools.r8.residualsignature","signature":"Ljava/lang/Object;"}
    android.os.Handler mHandler -> d
      # {"id":"com.android.tools.r8.residualsignature","signature":"Ljava/lang/Object;"}
    1:1:void G.RequestExecutor$ReplyRunnable.<init>():0:0 -> <init>
      # {"id":"com.android.tools.r8.synthesized"}
    2:2:void androidx.fragment.app.DefaultSpecialEffectsController$1.<init>(androidx.fragment.app.DefaultSpecialEffectsController,java.util.List,androidx.fragment.app.SpecialEffectsController$Operation):109:109 -> <init>
      # {"id":"com.android.tools.r8.residualsignature","signature":"(Landroidx/fragment/app/i;Ljava/util/ArrayList;Landroidx/fragment/app/S;)V"}
    3:3:void androidx.core.view.WindowInsetsAnimationCompat$Impl21$Impl21OnApplyWindowInsetsListener$3.<init>(androidx.core.view.WindowInsetsAnimationCompat$Impl21$Impl21OnApplyWindowInsetsListener,android.view.View,androidx.core.view.WindowInsetsAnimationCompat,androidx.core.view.WindowInsetsAnimationCompat$BoundsCompat,android.animation.ValueAnimator):848:848 -> <init>
androidx.core.text.BidiFormatter -> H.b:
# {"id":"sourceFile","fileName":"BidiFormatter.java"}
    boolean mIsRtlContext -> a
    int mFlags -> b
    androidx.core.text.TextDirectionHeuristicCompat mDefaultTextDirectionHeuristicCompat -> c
      # {"id":"com.android.tools.r8.residualsignature","signature":"LH/g;"}
    java.lang.String LRM_STRING -> d
    java.lang.String RLM_STRING -> e
    androidx.core.text.BidiFormatter DEFAULT_LTR_INSTANCE -> f
      # {"id":"com.android.tools.r8.residualsignature","signature":"LH/b;"}
    androidx.core.text.BidiFormatter DEFAULT_RTL_INSTANCE -> g
      # {"id":"com.android.tools.r8.residualsignature","signature":"LH/b;"}
    0:3:void <clinit>():84:84 -> <clinit>
    4:11:void <clinit>():114:114 -> <clinit>
    12:17:void <clinit>():119:119 -> <clinit>
    18:25:void <clinit>():217:217 -> <clinit>
    26:34:void <clinit>():222:222 -> <clinit>
    2:4:void <init>(boolean,int,androidx.core.text.TextDirectionHeuristicCompat):262:262 -> <init>
      # {"id":"com.android.tools.r8.residualsignature","signature":"(Z)V"}
    5:7:void <init>(boolean,int,androidx.core.text.TextDirectionHeuristicCompat):263:263 -> <init>
    8:9:void <init>(boolean,int,androidx.core.text.TextDirectionHeuristicCompat):264:264 -> <init>
    10:12:void <init>(boolean,int,androidx.core.text.TextDirectionHeuristicCompat):265:265 -> <init>
    0:5:int getEntryDir(java.lang.CharSequence):558:558 -> a
androidx.core.text.BidiFormatter$Builder -> R8$$REMOVED$$CLASS$$39:
# {"id":"sourceFile","fileName":"BidiFormatter.java"}