app/build/outputs/mapping/release/usage.txt
com.localllm.server.R$color
com.localllm.server.R$drawable
com.localllm.server.R$id:
    public static int tvModelChevron
    private void <init>()
com.localllm.server.R$layout:
    public static int view_chat_overlay
    private void <init>()
com.localllm.server.R$mipmap
com.localllm.server.R$string:
    public static int app_name
    public static int app_subtitle
    public static int btn_execute
    public static int btn_terminate
    public static int chat_hint
    public static int chat_send
    public static int chat_waiting
    public static int clear
    public static int console_output
    public static int copy
    public static int engine_model
    public static int group_chat
    public static int group_configuration
    public static int group_console
    public static int group_state
    public static int import_model
    public static int label_status
    public static int no_models_detected
    public static int ok_detected_models
    public static int toggle_lang
    public static int waiting_for_runtime
    public static int warn_no_models
    private void <init>()
com.localllm.server.R$style
com.localllm.server.R$xml
com.localllm.server.R
com.localllm.server.databinding.ActivityMainBinding
com.localllm.server.databinding.ViewChatOverlayBinding
com.localllm.server.ui.MainActivity:
    static synthetic void startLlamaService$default(com.localllm.server.ui.MainActivity,java.lang.String,int,int,java.lang.Object)
com.localllm.server.utils.NotificationHelper:
    private static final java.lang.String CHANNEL_ID
    private static final int NOTIFICATION_ID
com.localllm.server.utils.ServerConfig
com.localllm.server.R$id
com.localllm.server.R$layout
com.localllm.server.R$string
com.localllm.server.ui.MainActivity$onCreate$14:
    public final void invoke$2()
com.localllm.server.ui.MainActivity$onCreate$15:
    public final void invoke()
com.localllm.server.ui.MainActivity$updateHardwareStats$1$1:
    public final void invoke$2()
com.localllm.server.ui.MainActivity:
    public static void copyUriToLocalModels()
    public static void sendChatMessage()
    public static void startLlamaService()
    public static void stopLlamaService()
    public static void updateHardwareStats()
com.localllm.server.utils.NotificationHelper:
    public static final com.localllm.server.utils.NotificationHelper INSTANCE
    static void <clinit>()
...
androidx.transition.TransitionSet:
    public static androidx.transition.TransitionSet addListener()
    public static androidx.transition.TransitionSet addTarget()
    public final void addTarget(android.view.View)
    public final void addTransitionInternal(androidx.transition.Transition)
    public final androidx.transition.Transition getTransitionAt(int)
    public static int getTransitionCount()
    public final boolean hasAnimators()
    public final void prepareAnimatorsForSeeking()
    public static androidx.transition.TransitionSet removeListener()
    public static androidx.transition.TransitionSet removeTarget()
    public final void removeTarget(android.view.View)
    public static androidx.transition.TransitionSet setDuration()
    public static androidx.transition.TransitionSet setInterpolator()
    public final void setOrdering()
    public static androidx.transition.TransitionSet setStartDelay()
    public static void setupStartEndListeners()
androidx.transition.TransitionUtils
androidx.transition.ViewGroupUtils
androidx.transition.ViewUtils$1:
    public static java.lang.Float get()
    public static void set()
androidx.transition.ViewUtils$2:
    public static android.graphics.Rect get()
    public static void set()
androidx.transition.ViewUtils:
    public static final android.util.Property CLIP_BOUNDS
    public static final androidx.transition.ViewUtilsApi29 IMPL
androidx.transition.ViewUtilsApi19$Api29Impl
androidx.transition.ViewUtilsApi19:
    public static boolean sSetFrameFetched
    public static java.lang.reflect.Method sSetFrameMethod
    public static boolean sTryHiddenTransitionAlpha
    public static java.lang.reflect.Field sViewFlagsField
    public static boolean sViewFlagsFieldFetched
    static void <clinit>()
    public static void clearNonTransitionAlpha()
    public static void fetchSetFrame()
    public float getTransitionAlpha()
    public static void saveNonTransitionAlpha()
    public void setLeftTopRightBottom()
    public void setTransitionAlpha()
    public void setTransitionVisibility()
    public void transformMatrixToGlobal()
    public void transformMatrixToLocal()
androidx.transition.ViewUtilsApi21$Api29Impl
androidx.transition.ViewUtilsApi21:
    public static boolean sTryHiddenSetAnimationMatrix
    public static boolean sTryHiddenTransformMatrixToGlobal
    public static boolean sTryHiddenTransformMatrixToLocal
    static void <clinit>()
    public void transformMatrixToGlobal()
    public void transformMatrixToLocal()
androidx.transition.ViewUtilsApi22$Api29Impl
androidx.transition.ViewUtilsApi22:
    public static boolean sTryHiddenSetLeftTopRightBottom
    static void <clinit>()
    public void setLeftTopRightBottom()
androidx.transition.ViewUtilsApi23$Api29Impl
androidx.transition.ViewUtilsApi23:
    public static boolean sTryHiddenSetTransitionVisibility
    static void <clinit>()
    public void setTransitionVisibility()
androidx.transition.ViewUtilsApi29:
    public final float getTransitionAlpha()
    public final void setLeftTopRightBottom()
    public final void setTransitionAlpha()
    public final void setTransitionVisibility()
    public final void transformMatrixToGlobal()
    public final void transformMatrixToLocal()
androidx.transition.Visibility$DisappearListener:
    public final void hideViewWhenNotCanceled()
androidx.transition.Visibility
androidx.vectordrawable.graphics.drawable.AndroidResources:
    public static final int[] STYLEABLE_ANIMATOR
    public static final int[] STYLEABLE_ANIMATOR_SET
    public static final int[] STYLEABLE_KEYFRAME
    public static final int[] STYLEABLE_PATH_INTERPOLATOR
    public static final int[] STYLEABLE_PROPERTY_ANIMATOR
    public static final int[] STYLEABLE_PROPERTY_VALUES_HOLDER
androidx.vectordrawable.graphics.drawable.Animatable2Compat$AnimationCallback